{"timestamp": "2026-03-04T09:56:55.747667+00:00", "level": "INFO", "logger": "mock_snowflake_converter", "message": "[conversion] started"}
{"timestamp": "2026-03-04T09:56:55.859133+00:00", "level": "INFO", "logger": "mock_snowflake_converter", "message": "[conversion] completed", "data": {"total_objects": 33, "classifications": {"AUTO_CONVERT": 19, "CONVERT_WITH_WARNINGS": 11, "MANUAL_REWRITE_REQUIRED": 3}, "total_warnings": 12}}
{"timestamp": "2026-03-04T09:56:55.859133+00:00", "level": "INFO", "logger": "mock_snowflake_converter", "message": "[save] started"}
{"timestamp": "2026-03-04T09:56:55.863159+00:00", "level": "INFO", "logger": "mock_snowflake_converter", "message": "[save] completed", "data": {"report_path": "C:\\dev\\data-migration\\artifacts\\conversion_report.json"}}
{"timestamp": "2026-03-04T11:01:48.037998+00:00", "level": "INFO", "logger": "mock_snowflake_converter", "message": "[conversion] started"}
{"timestamp": "2026-03-04T11:01:48.158447+00:00", "level": "INFO", "logger": "mock_snowflake_converter", "message": "[conversion] completed", "data": {"total_objects": 33, "classifications": {"AUTO_CONVERT": 19, "CONVERT_WITH_WARNINGS": 11, "MANUAL_REWRITE_REQUIRED": 3}, "total_warnings": 12}}
{"timestamp": "2026-03-04T11:01:48.158447+00:00", "level": "INFO", "logger": "mock_snowflake_converter", "message": "[save] started"}
{"timestamp": "2026-03-04T11:01:48.162349+00:00", "level": "INFO", "logger": "mock_snowflake_converter", "message": "[save] completed", "data": {"report_path": "C:\\dev\\data-migration\\artifacts\\conversion_report.json"}}
{"timestamp": "2026-03-05T11:22:48.291836+00:00", "level": "INFO", "logger": "mock_snowflake_converter", "message": "[conversion] started"}
{"timestamp": "2026-03-05T11:22:48.468419+00:00", "level": "INFO", "logger": "mock_snowflake_converter", "message": "[conversion] completed", "data": {"total_objects": 80, "classifications": {"AUTO_CONVERT": 80}, "total_warnings": 0}}
{"timestamp": "2026-03-05T11:22:48.468419+00:00", "level": "INFO", "logger": "mock_snowflake_converter", "message": "[save] started"}
{"timestamp": "2026-03-05T11:22:48.471419+00:00", "level": "INFO", "logger": "mock_snowflake_converter", "message": "[save] completed", "data": {"report_path": "C:\\dev\\data-migration\\artifacts\\conversion_report.json"}}
{"timestamp": "2026-03-05T11:29:41.192280+00:00", "level": "INFO", "logger": "mock_snowflake_converter", "message": "[conversion] started"}
{"timestamp": "2026-03-05T11:29:41.373619+00:00", "level": "INFO", "logger": "mock_snowflake_converter", "message": "[conversion] completed", "data": {"total_objects": 80, "classifications": {"AUTO_CONVERT": 80}, "total_warnings": 0}}
{"timestamp": "2026-03-05T11:29:41.373619+00:00", "level": "INFO", "logger": "mock_snowflake_converter", "message": "[save] started"}
{"timestamp": "2026-03-05T11:29:41.377613+00:00", "level": "INFO", "logger": "mock_snowflake_converter", "message": "[save] completed", "data": {"report_path": "C:\\dev\\data-migration\\artifacts\\conversion_report.json"}}
{"timestamp": "2026-03-05T11:34:00.554610+00:00", "level": "INFO", "logger": "mock_snowflake_converter", "message": "[conversion] started"}
{"timestamp": "2026-03-05T11:34:00.727355+00:00", "level": "INFO", "logger": "mock_snowflake_converter", "message": "[conversion] completed", "data": {"total_objects": 80, "classifications": {"AUTO_CONVERT": 80}, "total_warnings": 0}}
{"timestamp": "2026-03-05T11:34:00.727355+00:00", "level": "INFO", "logger": "mock_snowflake_converter", "message": "[save] started"}
{"timestamp": "2026-03-05T11:34:00.731349+00:00", "level": "INFO", "logger": "mock_snowflake_converter", "message": "[save] completed", "data": {"report_path": "C:\\dev\\data-migration\\artifacts\\conversion_report.json"}}
{"timestamp": "2026-03-06T09:59:16.384489+00:00", "level": "INFO", "logger": "mock_snowflake_converter", "message": "[conversion] started"}
{"timestamp": "2026-03-06T09:59:16.652781+00:00", "level": "INFO", "logger": "mock_snowflake_converter", "message": "[conversion] completed", "data": {"total_objects": 33, "classifications": {"AUTO_CONVERT": 19, "CONVERT_WITH_WARNINGS": 11, "MANUAL_REWRITE_REQUIRED": 3}, "total_warnings": 12}}
{"timestamp": "2026-03-06T09:59:16.653740+00:00", "level": "INFO", "logger": "mock_snowflake_converter", "message": "[save] started"}
{"timestamp": "2026-03-06T09:59:16.658737+00:00", "level": "INFO", "logger": "mock_snowflake_converter", "message": "[save] completed", "data": {"report_path": "C:\\dev\\data-migration\\artifacts\\conversion_report.json"}}
{"timestamp": "2026-03-06T10:01:31.683712+00:00", "level": "INFO", "logger": "mock_snowflake_converter", "message": "[conversion] started"}
{"timestamp": "2026-03-06T10:01:31.883997+00:00", "level": "INFO", "logger": "mock_snowflake_converter", "message": "[conversion] completed", "data": {"total_objects": 33, "classifications": {"AUTO_CONVERT": 19, "CONVERT_WITH_WARNINGS": 11, "MANUAL_REWRITE_REQUIRED": 3}, "total_warnings": 12}}
{"timestamp": "2026-03-06T10:01:31.885386+00:00", "level": "INFO", "logger": "mock_snowflake_converter", "message": "[save] started"}
{"timestamp": "2026-03-06T10:01:31.891459+00:00", "level": "INFO", "logger": "mock_snowflake_converter", "message": "[save] completed", "data": {"report_path": "C:\\dev\\data-migration\\artifacts\\conversion_report.json"}}
{"timestamp": "2026-03-07T05:42:37.725694+00:00", "level": "INFO", "logger": "mock_snowflake_converter", "message": "[conversion] started"}
{"timestamp": "2026-03-07T13:23:20.658961+00:00", "level": "INFO", "logger": "mock_snowflake_converter", "message": "[conversion] started"}
{"timestamp": "2026-03-07T13:23:21.316368+00:00", "level": "INFO", "logger": "mock_snowflake_converter", "message": "[conversion] completed", "data": {"total_objects": 80, "classifications": {"AUTO_CONVERT": 80}, "total_warnings": 0}}
{"timestamp": "2026-03-07T13:23:21.317352+00:00", "level": "INFO", "logger": "mock_snowflake_converter", "message": "[save] started"}
{"timestamp": "2026-03-07T13:23:21.325350+00:00", "level": "INFO", "logger": "mock_snowflake_converter", "message": "[save] completed", "data": {"report_path": "C:\\dev\\data-migration\\artifacts\\conversion_report.json"}}
{"timestamp": "2026-03-07T17:06:29.453826+00:00", "level": "INFO", "logger": "mock_snowflake_converter", "message": "[conversion] started"}
{"timestamp": "2026-03-07T17:06:29.532384+00:00", "level": "INFO", "logger": "mock_snowflake_converter", "message": "[conversion] completed", "data": {"total_objects": 33, "classifications": {"AUTO_CONVERT": 19, "CONVERT_WITH_WARNINGS": 11, "MANUAL_REWRITE_REQUIRED": 3}, "total_warnings": 12}}
{"timestamp": "2026-03-07T17:06:29.547664+00:00", "level": "INFO", "logger": "mock_snowflake_converter", "message": "[save] started"}
{"timestamp": "2026-03-07T17:06:29.550666+00:00", "level": "INFO", "logger": "mock_snowflake_converter", "message": "[save] completed", "data": {"report_path": "C:\\dev\\data-migration\\artifacts\\conversion_report.json"}}
{"timestamp": "2026-03-07T17:16:53.049410+00:00", "level": "INFO", "logger": "mock_snowflake_converter", "message": "[conversion] started"}
{"timestamp": "2026-03-07T17:16:53.402108+00:00", "level": "INFO", "logger": "mock_snowflake_converter", "message": "[conversion] completed", "data": {"total_objects": 80, "classifications": {"AUTO_CONVERT": 80}, "total_warnings": 0}}
{"timestamp": "2026-03-07T17:16:53.423488+00:00", "level": "INFO", "logger": "mock_snowflake_converter", "message": "[save] started"}
{"timestamp": "2026-03-07T17:16:53.428474+00:00", "level": "INFO", "logger": "mock_snowflake_converter", "message": "[save] completed", "data": {"report_path": "C:\\dev\\data-migration\\artifacts\\conversion_report.json"}}
{"timestamp": "2026-03-07T19:33:19.249836+00:00", "level": "INFO", "logger": "mock_snowflake_converter", "message": "[conversion] started"}
{"timestamp": "2026-03-07T19:33:19.402281+00:00", "level": "INFO", "logger": "mock_snowflake_converter", "message": "[conversion] completed", "data": {"total_objects": 33, "classifications": {"AUTO_CONVERT": 19, "CONVERT_WITH_WARNINGS": 11, "MANUAL_REWRITE_REQUIRED": 3}, "total_warnings": 12}}
{"timestamp": "2026-03-07T19:33:19.420397+00:00", "level": "INFO", "logger": "mock_snowflake_converter", "message": "[save] started"}
{"timestamp": "2026-03-07T19:33:19.425410+00:00", "level": "INFO", "logger": "mock_snowflake_converter", "message": "[save] completed", "data": {"report_path": "C:\\dev\\data-migration\\artifacts\\conversion_report.json"}}
{"timestamp": "2026-03-07T19:38:23.478220+00:00", "level": "INFO", "logger": "mock_snowflake_converter", "message": "[conversion] started"}
{"timestamp": "2026-03-07T19:38:23.786837+00:00", "level": "INFO", "logger": "mock_snowflake_converter", "message": "[conversion] completed", "data": {"total_objects": 80, "classifications": {"AUTO_CONVERT": 80}, "total_warnings": 0}}
{"timestamp": "2026-03-07T19:38:23.786837+00:00", "level": "INFO", "logger": "mock_snowflake_converter", "message": "[save] started"}
{"timestamp": "2026-03-07T19:38:23.793835+00:00", "level": "INFO", "logger": "mock_snowflake_converter", "message": "[save] completed", "data": {"report_path": "C:\\dev\\data-migration\\artifacts\\conversion_report.json"}}
{"timestamp": "2026-03-07T19:40:05.450415+00:00", "level": "INFO", "logger": "mock_snowflake_converter", "message": "[conversion] started"}
{"timestamp": "2026-03-07T19:40:05.587064+00:00", "level": "INFO", "logger": "mock_snowflake_converter", "message": "[conversion] completed", "data": {"total_objects": 33, "classifications": {"AUTO_CONVERT": 19, "CONVERT_WITH_WARNINGS": 11, "MANUAL_REWRITE_REQUIRED": 3}, "total_warnings": 12}}
{"timestamp": "2026-03-07T19:40:05.587064+00:00", "level": "INFO", "logger": "mock_snowflake_converter", "message": "[save] started"}
{"timestamp": "2026-03-07T19:40:05.591074+00:00", "level": "INFO", "logger": "mock_snowflake_converter", "message": "[save] completed", "data": {"report_path": "C:\\dev\\data-migration\\artifacts\\conversion_report.json"}}
{"timestamp": "2026-03-07T19:41:50.620235+00:00", "level": "INFO", "logger": "mock_snowflake_converter", "message": "[conversion] started"}
{"timestamp": "2026-03-07T19:41:50.842342+00:00", "level": "INFO", "logger": "mock_snowflake_converter", "message": "[conversion] completed", "data": {"total_objects": 33, "classifications": {"AUTO_CONVERT": 19, "CONVERT_WITH_WARNINGS": 11, "MANUAL_REWRITE_REQUIRED": 3}, "total_warnings": 12}}
{"timestamp": "2026-03-07T19:41:50.858768+00:00", "level": "INFO", "logger": "mock_snowflake_converter", "message": "[save] started"}
{"timestamp": "2026-03-07T19:41:50.868775+00:00", "level": "INFO", "logger": "mock_snowflake_converter", "message": "[save] completed", "data": {"report_path": "C:\\dev\\data-migration\\artifacts\\conversion_report.json"}}
{"timestamp": "2026-03-07T19:49:16.906698+00:00", "level": "INFO", "logger": "mock_snowflake_converter", "message": "[conversion] started"}
{"timestamp": "2026-03-07T19:49:17.005042+00:00", "level": "INFO", "logger": "mock_snowflake_converter", "message": "[conversion] completed", "data": {"total_objects": 33, "classifications": {"AUTO_CONVERT": 19, "CONVERT_WITH_WARNINGS": 11, "MANUAL_REWRITE_REQUIRED": 3}, "total_warnings": 12}}
{"timestamp": "2026-03-07T19:49:17.032028+00:00", "level": "INFO", "logger": "mock_snowflake_converter", "message": "[save] started"}
{"timestamp": "2026-03-07T19:49:17.035048+00:00", "level": "INFO", "logger": "mock_snowflake_converter", "message": "[save] completed", "data": {"report_path": "C:\\dev\\data-migration\\artifacts\\conversion_report.json"}}
{"timestamp": "2026-03-07T19:50:14.259409+00:00", "level": "INFO", "logger": "mock_snowflake_converter", "message": "[conversion] started"}
{"timestamp": "2026-03-07T19:50:14.353557+00:00", "level": "INFO", "logger": "mock_snowflake_converter", "message": "[conversion] completed", "data": {"total_objects": 33, "classifications": {"AUTO_CONVERT": 19, "CONVERT_WITH_WARNINGS": 11, "MANUAL_REWRITE_REQUIRED": 3}, "total_warnings": 12}}
{"timestamp": "2026-03-07T19:50:14.369054+00:00", "level": "INFO", "logger": "mock_snowflake_converter", "message": "[save] started"}
{"timestamp": "2026-03-07T19:50:14.377999+00:00", "level": "INFO", "logger": "mock_snowflake_converter", "message": "[save] completed", "data": {"report_path": "C:\\dev\\data-migration\\artifacts\\conversion_report.json"}}
{"timestamp": "2026-03-07T19:56:39.872276+00:00", "level": "INFO", "logger": "mock_snowflake_converter", "message": "[conversion] started"}
{"timestamp": "2026-03-07T19:56:39.989111+00:00", "level": "INFO", "logger": "mock_snowflake_converter", "message": "[conversion] completed", "data": {"total_objects": 33, "classifications": {"AUTO_CONVERT": 19, "CONVERT_WITH_WARNINGS": 11, "MANUAL_REWRITE_REQUIRED": 3}, "total_warnings": 12}}
{"timestamp": "2026-03-07T19:56:40.011114+00:00", "level": "INFO", "logger": "mock_snowflake_converter", "message": "[save] started"}
{"timestamp": "2026-03-07T19:56:40.016375+00:00", "level": "INFO", "logger": "mock_snowflake_converter", "message": "[save] completed", "data": {"report_path": "C:\\dev\\data-migration\\artifacts\\conversion_report.json"}}
{"timestamp": "2026-03-07T20:07:06.792714+00:00", "level": "INFO", "logger": "mock_snowflake_converter", "message": "[conversion] started"}
{"timestamp": "2026-03-07T20:07:07.173278+00:00", "level": "INFO", "logger": "mock_snowflake_converter", "message": "[conversion] completed", "data": {"total_objects": 33, "classifications": {"AUTO_CONVERT": 19, "CONVERT_WITH_WARNINGS": 11, "MANUAL_REWRITE_REQUIRED": 3}, "total_warnings": 12}}
{"timestamp": "2026-03-07T20:07:07.184277+00:00", "level": "INFO", "logger": "mock_snowflake_converter", "message": "[save] started"}
{"timestamp": "2026-03-07T20:07:07.196267+00:00", "level": "INFO", "logger": "mock_snowflake_converter", "message": "[save] completed", "data": {"report_path": "C:\\dev\\data-migration\\artifacts\\conversion_report.json"}}
{"timestamp": "2026-03-07T20:12:12.681140+00:00", "level": "INFO", "logger": "mock_snowflake_converter", "message": "[conversion] started"}
{"timestamp": "2026-03-07T20:12:13.111659+00:00", "level": "INFO", "logger": "mock_snowflake_converter", "message": "[conversion] completed", "data": {"total_objects": 80, "classifications": {"AUTO_CONVERT": 80}, "total_warnings": 0}}
{"timestamp": "2026-03-07T20:12:13.114673+00:00", "level": "INFO", "logger": "mock_snowflake_converter", "message": "[save] started"}
{"timestamp": "2026-03-07T20:12:13.129237+00:00", "level": "INFO", "logger": "mock_snowflake_converter", "message": "[save] completed", "data": {"report_path": "C:\\dev\\data-migration\\artifacts\\conversion_report.json"}}
{"timestamp": "2026-03-07T20:23:52.340599+00:00", "level": "INFO", "logger": "mock_snowflake_converter", "message": "[conversion] started"}
{"timestamp": "2026-03-07T20:23:52.709293+00:00", "level": "INFO", "logger": "mock_snowflake_converter", "message": "[conversion] completed", "data": {"total_objects": 33, "classifications": {"AUTO_CONVERT": 19, "CONVERT_WITH_WARNINGS": 11, "MANUAL_REWRITE_REQUIRED": 3}, "total_warnings": 12}}
{"timestamp": "2026-03-07T20:23:52.716334+00:00", "level": "INFO", "logger": "mock_snowflake_converter", "message": "[save] started"}
{"timestamp": "2026-03-07T20:23:52.722319+00:00", "level": "INFO", "logger": "mock_snowflake_converter", "message": "[save] completed", "data": {"report_path": "C:\\dev\\data-migration\\artifacts\\conversion_report.json"}}
{"timestamp": "2026-03-07T20:25:05.395717+00:00", "level": "INFO", "logger": "mock_snowflake_converter", "message": "[conversion] started"}
{"timestamp": "2026-03-07T20:25:05.641183+00:00", "level": "INFO", "logger": "mock_snowflake_converter", "message": "[conversion] completed", "data": {"total_objects": 33, "classifications": {"AUTO_CONVERT": 19, "CONVERT_WITH_WARNINGS": 11, "MANUAL_REWRITE_REQUIRED": 3}, "total_warnings": 12}}
{"timestamp": "2026-03-07T20:25:05.643176+00:00", "level": "INFO", "logger": "mock_snowflake_converter", "message": "[save] started"}
{"timestamp": "2026-03-07T20:25:05.650193+00:00", "level": "INFO", "logger": "mock_snowflake_converter", "message": "[save] completed", "data": {"report_path": "C:\\dev\\data-migration\\artifacts\\conversion_report.json"}}
{"timestamp": "2026-03-07T20:39:04.499509+00:00", "level": "INFO", "logger": "mock_snowflake_converter", "message": "[conversion] started"}
{"timestamp": "2026-03-07T20:39:04.890211+00:00", "level": "INFO", "logger": "mock_snowflake_converter", "message": "[conversion] completed", "data": {"total_objects": 80, "classifications": {"AUTO_CONVERT": 80}, "total_warnings": 0}}
{"timestamp": "2026-03-07T20:39:04.895205+00:00", "level": "INFO", "logger": "mock_snowflake_converter", "message": "[save] started"}
{"timestamp": "2026-03-07T20:39:04.904239+00:00", "level": "INFO", "logger": "mock_snowflake_converter", "message": "[save] completed", "data": {"report_path": "C:\\dev\\data-migration\\artifacts\\conversion_report.json"}}
{"timestamp": "2026-03-07T20:45:15.875066+00:00", "level": "INFO", "logger": "mock_snowflake_converter", "message": "[conversion] started"}
{"timestamp": "2026-03-07T20:45:16.131407+00:00", "level": "INFO", "logger": "mock_snowflake_converter", "message": "[conversion] completed", "data": {"total_objects": 33, "classifications": {"AUTO_CONVERT": 19, "CONVERT_WITH_WARNINGS": 11, "MANUAL_REWRITE_REQUIRED": 3}, "total_warnings": 12}}
{"timestamp": "2026-03-07T20:45:16.133413+00:00", "level": "INFO", "logger": "mock_snowflake_converter", "message": "[save] started"}
{"timestamp": "2026-03-07T20:45:16.137435+00:00", "level": "INFO", "logger": "mock_snowflake_converter", "message": "[save] completed", "data": {"report_path": "C:\\dev\\data-migration\\artifacts\\conversion_report.json"}}
{"timestamp": "2026-03-07T20:56:01.334253+00:00", "level": "INFO", "logger": "mock_snowflake_converter", "message": "[conversion] started"}
{"timestamp": "2026-03-07T20:56:01.519927+00:00", "level": "INFO", "logger": "mock_snowflake_converter", "message": "[conversion] completed", "data": {"total_objects": 33, "classifications": {"AUTO_CONVERT": 19, "CONVERT_WITH_WARNINGS": 11, "MANUAL_REWRITE_REQUIRED": 3}, "total_warnings": 12}}
{"timestamp": "2026-03-07T20:56:01.521932+00:00", "level": "INFO", "logger": "mock_snowflake_converter", "message": "[save] started"}
{"timestamp": "2026-03-07T20:56:01.527925+00:00", "level": "INFO", "logger": "mock_snowflake_converter", "message": "[save] completed", "data": {"report_path": "C:\\dev\\data-migration\\artifacts\\conversion_report.json"}}
{"timestamp": "2026-03-07T20:57:58.518793+00:00", "level": "INFO", "logger": "mock_snowflake_converter", "message": "[conversion] started"}
{"timestamp": "2026-03-07T20:57:58.710154+00:00", "level": "INFO", "logger": "mock_snowflake_converter", "message": "[conversion] completed", "data": {"total_objects": 33, "classifications": {"AUTO_CONVERT": 19, "CONVERT_WITH_WARNINGS": 11, "MANUAL_REWRITE_REQUIRED": 3}, "total_warnings": 12}}
{"timestamp": "2026-03-07T20:57:58.715160+00:00", "level": "INFO", "logger": "mock_snowflake_converter", "message": "[save] started"}
{"timestamp": "2026-03-07T20:57:58.723169+00:00", "level": "INFO", "logger": "mock_snowflake_converter", "message": "[save] completed", "data": {"report_path": "C:\\dev\\data-migration\\artifacts\\conversion_report.json"}}
{"timestamp": "2026-03-07T21:01:25.945866+00:00", "level": "INFO", "logger": "mock_snowflake_converter", "message": "[conversion] started"}
{"timestamp": "2026-03-07T21:01:26.547725+00:00", "level": "INFO", "logger": "mock_snowflake_converter", "message": "[conversion] completed", "data": {"total_objects": 80, "classifications": {"AUTO_CONVERT": 80}, "total_warnings": 0}}
{"timestamp": "2026-03-07T21:01:26.549723+00:00", "level": "INFO", "logger": "mock_snowflake_converter", "message": "[save] started"}
{"timestamp": "2026-03-07T21:01:26.564726+00:00", "level": "INFO", "logger": "mock_snowflake_converter", "message": "[save] completed", "data": {"report_path": "C:\\dev\\data-migration\\artifacts\\conversion_report.json"}}
{"timestamp": "2026-03-08T05:49:33.621520+00:00", "level": "INFO", "logger": "mock_snowflake_converter", "message": "[conversion] started"}
{"timestamp": "2026-03-08T05:49:34.390319+00:00", "level": "INFO", "logger": "mock_snowflake_converter", "message": "[conversion] completed", "data": {"total_objects": 33, "classifications": {"AUTO_CONVERT": 19, "CONVERT_WITH_WARNINGS": 11, "MANUAL_REWRITE_REQUIRED": 3}, "total_warnings": 12}}
{"timestamp": "2026-03-08T05:49:34.393318+00:00", "level": "INFO", "logger": "mock_snowflake_converter", "message": "[save] started"}
{"timestamp": "2026-03-08T05:49:34.408774+00:00", "level": "INFO", "logger": "mock_snowflake_converter", "message": "[save] completed", "data": {"report_path": "C:\\dev\\data-migration\\artifacts\\conversion_report.json"}}
{"timestamp": "2026-03-08T05:53:28.189297+00:00", "level": "INFO", "logger": "mock_snowflake_converter", "message": "[conversion] started"}
{"timestamp": "2026-03-08T05:53:28.299293+00:00", "level": "INFO", "logger": "mock_snowflake_converter", "message": "[conversion] completed", "data": {"total_objects": 33, "classifications": {"AUTO_CONVERT": 19, "CONVERT_WITH_WARNINGS": 11, "MANUAL_REWRITE_REQUIRED": 3}, "total_warnings": 12}}
{"timestamp": "2026-03-08T05:53:28.300297+00:00", "level": "INFO", "logger": "mock_snowflake_converter", "message": "[save] started"}
{"timestamp": "2026-03-08T05:53:28.302548+00:00", "level": "INFO", "logger": "mock_snowflake_converter", "message": "[save] completed", "data": {"report_path": "C:\\dev\\data-migration\\artifacts\\conversion_report.json"}}
{"timestamp": "2026-03-08T06:13:21.813266+00:00", "level": "INFO", "logger": "mock_snowflake_converter", "message": "[conversion] started"}
{"timestamp": "2026-03-08T06:13:22.014234+00:00", "level": "INFO", "logger": "mock_snowflake_converter", "message": "[conversion] completed", "data": {"total_objects": 33, "classifications": {"AUTO_CONVERT": 19, "CONVERT_WITH_WARNINGS": 11, "MANUAL_REWRITE_REQUIRED": 3}, "total_warnings": 12}}
{"timestamp": "2026-03-08T06:13:22.015236+00:00", "level": "INFO", "logger": "mock_snowflake_converter", "message": "[save] started"}
{"timestamp": "2026-03-08T06:13:22.024237+00:00", "level": "INFO", "logger": "mock_snowflake_converter", "message": "[save] completed", "data": {"report_path": "C:\\dev\\data-migration\\artifacts\\conversion_report.json"}}
{"timestamp": "2026-03-08T06:34:07.766719+00:00", "level": "INFO", "logger": "mock_snowflake_converter", "message": "[conversion] started"}
{"timestamp": "2026-03-08T06:34:07.979943+00:00", "level": "INFO", "logger": "mock_snowflake_converter", "message": "[conversion] completed", "data": {"total_objects": 33, "classifications": {"AUTO_CONVERT": 19, "CONVERT_WITH_WARNINGS": 11, "MANUAL_REWRITE_REQUIRED": 3}, "total_warnings": 12}}
{"timestamp": "2026-03-08T06:34:07.980948+00:00", "level": "INFO", "logger": "mock_snowflake_converter", "message": "[save] started"}
{"timestamp": "2026-03-08T06:34:07.984946+00:00", "level": "INFO", "logger": "mock_snowflake_converter", "message": "[save] completed", "data": {"report_path": "C:\\dev\\data-migration\\artifacts\\conversion_report.json"}}
{"timestamp": "2026-03-08T06:42:51.713545+00:00", "level": "INFO", "logger": "mock_snowflake_converter", "message": "[conversion] started"}
{"timestamp": "2026-03-08T06:42:51.914552+00:00", "level": "INFO", "logger": "mock_snowflake_converter", "message": "[conversion] completed", "data": {"total_objects": 33, "classifications": {"AUTO_CONVERT": 19, "CONVERT_WITH_WARNINGS": 11, "MANUAL_REWRITE_REQUIRED": 3}, "total_warnings": 12}}
{"timestamp": "2026-03-08T06:42:51.916562+00:00", "level": "INFO", "logger": "mock_snowflake_converter", "message": "[save] started"}
{"timestamp": "2026-03-08T06:42:51.930564+00:00", "level": "INFO", "logger": "mock_snowflake_converter", "message": "[save] completed", "data": {"report_path": "C:\\dev\\data-migration\\artifacts\\conversion_report.json"}}
{"timestamp": "2026-03-08T06:48:43.147855+00:00", "level": "INFO", "logger": "mock_snowflake_converter", "message": "[conversion] started"}
{"timestamp": "2026-03-08T06:48:43.264555+00:00", "level": "INFO", "logger": "mock_snowflake_converter", "message": "[conversion] completed", "data": {"total_objects": 33, "classifications": {"AUTO_CONVERT": 19, "CONVERT_WITH_WARNINGS": 11, "MANUAL_REWRITE_REQUIRED": 3}, "total_warnings": 12}}
{"timestamp": "2026-03-08T06:48:43.266556+00:00", "level": "INFO", "logger": "mock_snowflake_converter", "message": "[save] started"}
{"timestamp": "2026-03-08T06:48:43.270552+00:00", "level": "INFO", "logger": "mock_snowflake_converter", "message": "[save] completed", "data": {"report_path": "C:\\dev\\data-migration\\artifacts\\conversion_report.json"}}
{"timestamp": "2026-03-08T06:54:33.742557+00:00", "level": "INFO", "logger": "mock_snowflake_converter", "message": "[conversion] started"}
{"timestamp": "2026-03-08T06:54:33.987899+00:00", "level": "INFO", "logger": "mock_snowflake_converter", "message": "[conversion] completed", "data": {"total_objects": 80, "classifications": {"AUTO_CONVERT": 80}, "total_warnings": 0}}
{"timestamp": "2026-03-08T06:54:33.989904+00:00", "level": "INFO", "logger": "mock_snowflake_converter", "message": "[save] started"}
{"timestamp": "2026-03-08T06:54:33.996896+00:00", "level": "INFO", "logger": "mock_snowflake_converter", "message": "[save] completed", "data": {"report_path": "C:\\dev\\data-migration\\artifacts\\conversion_report.json"}}
{"timestamp": "2026-03-08T07:10:00.638030+00:00", "level": "INFO", "logger": "mock_snowflake_converter", "message": "[conversion] started"}
{"timestamp": "2026-03-08T07:10:00.971364+00:00", "level": "INFO", "logger": "mock_snowflake_converter", "message": "[conversion] completed", "data": {"total_objects": 80, "classifications": {"AUTO_CONVERT": 80}, "total_warnings": 0}}
{"timestamp": "2026-03-08T07:10:00.972367+00:00", "level": "INFO", "logger": "mock_snowflake_converter", "message": "[save] started"}
{"timestamp": "2026-03-08T07:10:00.981377+00:00", "level": "INFO", "logger": "mock_snowflake_converter", "message": "[save] completed", "data": {"report_path": "C:\\dev\\data-migration\\artifacts\\conversion_report.json"}}
{"timestamp": "2026-03-08T11:05:46.847167+00:00", "level": "INFO", "logger": "mock_snowflake_converter", "message": "[conversion] started"}
{"timestamp": "2026-03-08T11:05:47.590869+00:00", "level": "INFO", "logger": "mock_snowflake_converter", "message": "[conversion] completed", "data": {"total_objects": 80, "classifications": {"AUTO_CONVERT": 80}, "total_warnings": 0}}
{"timestamp": "2026-03-08T11:05:47.595866+00:00", "level": "INFO", "logger": "mock_snowflake_converter", "message": "[save] started"}
{"timestamp": "2026-03-08T11:05:47.616459+00:00", "level": "INFO", "logger": "mock_snowflake_converter", "message": "[save] completed", "data": {"report_path": "C:\\dev\\data-migration\\artifacts\\conversion_report.json"}}
