{"timestamp": "2026-02-25T08:34:51.907911+00:00", "level": "INFO", "logger": "run_demo", "message": "[pipeline] started", "data": {"seed": 42, "source": "mock", "conversion": "mock", "loader": "mock", "validation": "mock"}}
{"timestamp": "2026-02-25T08:35:30.689524+00:00", "level": "INFO", "logger": "run_demo", "message": "[pipeline] started", "data": {"seed": 42, "source": "mock", "conversion": "mock", "loader": "mock", "validation": "mock"}}
{"timestamp": "2026-02-25T08:35:30.690522+00:00", "level": "INFO", "logger": "run_demo", "message": "[step_1_source] started"}
{"timestamp": "2026-02-25T08:35:31.661403+00:00", "level": "INFO", "logger": "run_demo", "message": "[step_1_source] completed", "data": {"paths": {"catalog": "C:\\dev\\data-migration\\mock_data\\source_catalog.json", "query_logs": "C:\\dev\\data-migration\\mock_data\\query_logs.json"}}}
{"timestamp": "2026-02-25T08:35:31.662397+00:00", "level": "INFO", "logger": "run_demo", "message": "[step_2_conversion] started"}
{"timestamp": "2026-02-25T08:35:31.771698+00:00", "level": "INFO", "logger": "run_demo", "message": "[step_2_conversion] completed", "data": {"paths": {"conversion_report": "C:\\dev\\data-migration\\artifacts\\conversion_report.json", "transpiled_dir": "C:\\dev\\data-migration\\artifacts\\transpiled_sql"}}}
{"timestamp": "2026-02-25T08:35:31.771698+00:00", "level": "INFO", "logger": "run_demo", "message": "[step_3_load] started"}
{"timestamp": "2026-02-25T08:35:51.269255+00:00", "level": "INFO", "logger": "run_demo", "message": "[step_3_load] completed", "data": {"paths": {"load_summary": "C:\\dev\\data-migration\\artifacts\\load_summary.json", "target_dir": "C:\\dev\\data-migration\\artifacts\\target_tables"}}}
{"timestamp": "2026-02-25T08:35:51.269255+00:00", "level": "INFO", "logger": "run_demo", "message": "[step_4_validation] started"}
{"timestamp": "2026-02-25T08:35:52.719128+00:00", "level": "INFO", "logger": "run_demo", "message": "[step_4_validation] completed", "data": {"paths": {"validation_results": "C:\\dev\\data-migration\\test_results\\validation_results.json", "confidence_scores": "C:\\dev\\data-migration\\test_results\\confidence_scores.csv"}}}
{"timestamp": "2026-02-25T08:35:52.719128+00:00", "level": "INFO", "logger": "run_demo", "message": "[step_5_tests] started"}
{"timestamp": "2026-02-25T08:35:53.754559+00:00", "level": "INFO", "logger": "run_demo", "message": "[step_5_tests] completed", "data": {"total": 252, "passed": 252}}
{"timestamp": "2026-02-25T08:35:53.756564+00:00", "level": "INFO", "logger": "run_demo", "message": "[pipeline] completed", "data": {"elapsed_seconds": 23.07}}
{"timestamp": "2026-03-04T06:24:30.697750+00:00", "level": "INFO", "logger": "run_demo", "message": "[pipeline] started", "data": {"seed": 42, "source": "mock", "conversion": "mock", "loader": "mock", "validation": "mock"}}
{"timestamp": "2026-03-04T06:24:30.698766+00:00", "level": "INFO", "logger": "run_demo", "message": "[step_1_source] started"}
{"timestamp": "2026-03-04T06:24:31.980107+00:00", "level": "INFO", "logger": "run_demo", "message": "[step_1_source] completed", "data": {"paths": {"catalog": "C:\\dev\\data-migration\\mock_data\\source_catalog.json", "query_logs": "C:\\dev\\data-migration\\mock_data\\query_logs.json"}}}
{"timestamp": "2026-03-04T06:24:31.981114+00:00", "level": "INFO", "logger": "run_demo", "message": "[step_2_conversion] started"}
{"timestamp": "2026-03-04T06:24:32.101567+00:00", "level": "INFO", "logger": "run_demo", "message": "[step_2_conversion] completed", "data": {"paths": {"conversion_report": "C:\\dev\\data-migration\\artifacts\\conversion_report.json", "transpiled_dir": "C:\\dev\\data-migration\\artifacts\\transpiled_sql"}}}
{"timestamp": "2026-03-04T06:24:32.101567+00:00", "level": "INFO", "logger": "run_demo", "message": "[step_3_load] started"}
{"timestamp": "2026-03-04T06:24:57.627264+00:00", "level": "INFO", "logger": "run_demo", "message": "[step_3_load] completed", "data": {"paths": {"load_summary": "C:\\dev\\data-migration\\artifacts\\load_summary.json", "target_dir": "C:\\dev\\data-migration\\artifacts\\target_tables"}}}
{"timestamp": "2026-03-04T06:24:57.628260+00:00", "level": "INFO", "logger": "run_demo", "message": "[step_4_validation] started"}
{"timestamp": "2026-03-04T06:25:00.380934+00:00", "level": "INFO", "logger": "run_demo", "message": "[step_4_validation] completed", "data": {"paths": {"validation_results": "C:\\dev\\data-migration\\test_results\\validation_results.json", "confidence_scores": "C:\\dev\\data-migration\\test_results\\confidence_scores.csv"}}}
{"timestamp": "2026-03-04T06:25:00.380934+00:00", "level": "INFO", "logger": "run_demo", "message": "[step_5_tests] started"}
{"timestamp": "2026-03-04T06:25:02.377989+00:00", "level": "INFO", "logger": "run_demo", "message": "[step_5_tests] completed", "data": {"total": 252, "passed": 252}}
{"timestamp": "2026-03-04T06:25:02.380999+00:00", "level": "INFO", "logger": "run_demo", "message": "[pipeline] completed", "data": {"elapsed_seconds": 31.68}}
{"timestamp": "2026-03-04T09:56:16.862995+00:00", "level": "INFO", "logger": "run_demo", "message": "[pipeline] started", "data": {"seed": 42, "platform": "redshift", "source": "mock_redshift", "conversion": "mock", "loader": "mock", "validation": "mock"}}
{"timestamp": "2026-03-04T09:56:16.864001+00:00", "level": "INFO", "logger": "run_demo", "message": "[step_1_source] started"}
{"timestamp": "2026-03-04T09:56:17.998766+00:00", "level": "INFO", "logger": "run_demo", "message": "[step_1_source] completed", "data": {"paths": {"catalog": "C:\\dev\\data-migration\\mock_data\\source_catalog.json", "query_logs": "C:\\dev\\data-migration\\mock_data\\query_logs.json"}}}
{"timestamp": "2026-03-04T09:56:17.998766+00:00", "level": "INFO", "logger": "run_demo", "message": "[step_2_conversion] started"}
{"timestamp": "2026-03-04T09:56:18.123978+00:00", "level": "INFO", "logger": "run_demo", "message": "[step_2_conversion] completed", "data": {"paths": {"conversion_report": "C:\\dev\\data-migration\\artifacts\\conversion_report.json", "transpiled_dir": "C:\\dev\\data-migration\\artifacts\\transpiled_sql"}}}
{"timestamp": "2026-03-04T09:56:18.124983+00:00", "level": "INFO", "logger": "run_demo", "message": "[step_3_load] started"}
{"timestamp": "2026-03-04T09:56:34.643568+00:00", "level": "INFO", "logger": "run_demo", "message": "[step_3_load] completed", "data": {"paths": {"load_summary": "C:\\dev\\data-migration\\artifacts\\load_summary.json", "target_dir": "C:\\dev\\data-migration\\artifacts\\target_tables"}}}
{"timestamp": "2026-03-04T09:56:34.643568+00:00", "level": "INFO", "logger": "run_demo", "message": "[step_4_validation] started"}
{"timestamp": "2026-03-04T09:56:35.524359+00:00", "level": "INFO", "logger": "run_demo", "message": "[step_4_validation] completed", "data": {"paths": {"validation_results": "C:\\dev\\data-migration\\test_results\\validation_results.json", "confidence_scores": "C:\\dev\\data-migration\\test_results\\confidence_scores.csv"}}}
{"timestamp": "2026-03-04T09:56:35.524359+00:00", "level": "INFO", "logger": "run_demo", "message": "[step_5_tests] started"}
{"timestamp": "2026-03-04T09:56:36.809244+00:00", "level": "INFO", "logger": "run_demo", "message": "[step_5_tests] completed", "data": {"total": 252, "passed": 252}}
{"timestamp": "2026-03-04T09:56:36.812246+00:00", "level": "INFO", "logger": "run_demo", "message": "[pipeline] completed", "data": {"elapsed_seconds": 19.95}}
{"timestamp": "2026-03-04T09:56:54.928564+00:00", "level": "INFO", "logger": "run_demo", "message": "[pipeline] started", "data": {"seed": 42, "platform": "snowflake", "source": "mock_snowflake", "conversion": "mock", "loader": "mock", "validation": "mock"}}
{"timestamp": "2026-03-04T09:56:54.929569+00:00", "level": "INFO", "logger": "run_demo", "message": "[step_1_source] started"}
{"timestamp": "2026-03-04T09:56:55.730208+00:00", "level": "INFO", "logger": "run_demo", "message": "[step_1_source] completed", "data": {"paths": {"catalog": "C:\\dev\\data-migration\\mock_data\\source_catalog.json", "query_logs": "C:\\dev\\data-migration\\mock_data\\query_logs.json"}}}
{"timestamp": "2026-03-04T09:56:55.730208+00:00", "level": "INFO", "logger": "run_demo", "message": "[step_2_conversion] started"}
{"timestamp": "2026-03-04T09:56:55.863159+00:00", "level": "INFO", "logger": "run_demo", "message": "[step_2_conversion] completed", "data": {"paths": {"conversion_report": "C:\\dev\\data-migration\\artifacts\\conversion_report.json", "transpiled_dir": "C:\\dev\\data-migration\\artifacts\\transpiled_sql"}}}
{"timestamp": "2026-03-04T09:56:55.864159+00:00", "level": "INFO", "logger": "run_demo", "message": "[step_3_load] started"}
{"timestamp": "2026-03-04T09:57:13.097877+00:00", "level": "INFO", "logger": "run_demo", "message": "[step_3_load] completed", "data": {"paths": {"load_summary": "C:\\dev\\data-migration\\artifacts\\load_summary.json", "target_dir": "C:\\dev\\data-migration\\artifacts\\target_tables"}}}
{"timestamp": "2026-03-04T09:57:13.098877+00:00", "level": "INFO", "logger": "run_demo", "message": "[step_4_validation] started"}
{"timestamp": "2026-03-04T09:57:13.980413+00:00", "level": "INFO", "logger": "run_demo", "message": "[step_4_validation] completed", "data": {"paths": {"validation_results": "C:\\dev\\data-migration\\test_results\\validation_results.json", "confidence_scores": "C:\\dev\\data-migration\\test_results\\confidence_scores.csv"}}}
{"timestamp": "2026-03-04T09:57:13.980413+00:00", "level": "INFO", "logger": "run_demo", "message": "[step_5_tests] started"}
{"timestamp": "2026-03-04T09:57:15.334993+00:00", "level": "INFO", "logger": "run_demo", "message": "[step_5_tests] completed", "data": {"total": 249, "passed": 249}}
{"timestamp": "2026-03-04T09:57:15.337410+00:00", "level": "INFO", "logger": "run_demo", "message": "[pipeline] completed", "data": {"elapsed_seconds": 20.41}}
{"timestamp": "2026-03-04T09:58:31.862702+00:00", "level": "INFO", "logger": "run_demo", "message": "[pipeline] started", "data": {"seed": 42, "platform": "redshift", "source": "mock_redshift", "conversion": "mock", "loader": "mock", "validation": "mock"}}
{"timestamp": "2026-03-04T09:58:31.862702+00:00", "level": "INFO", "logger": "run_demo", "message": "[step_1_source] started"}
{"timestamp": "2026-03-04T09:58:32.719064+00:00", "level": "INFO", "logger": "run_demo", "message": "[step_1_source] completed", "data": {"paths": {"catalog": "C:\\dev\\data-migration\\mock_data\\source_catalog.json", "query_logs": "C:\\dev\\data-migration\\mock_data\\query_logs.json"}}}
{"timestamp": "2026-03-04T09:58:32.719064+00:00", "level": "INFO", "logger": "run_demo", "message": "[step_2_conversion] started"}
{"timestamp": "2026-03-04T09:58:32.869672+00:00", "level": "INFO", "logger": "run_demo", "message": "[step_2_conversion] completed", "data": {"paths": {"conversion_report": "C:\\dev\\data-migration\\artifacts\\conversion_report.json", "transpiled_dir": "C:\\dev\\data-migration\\artifacts\\transpiled_sql"}}}
{"timestamp": "2026-03-04T09:58:32.869672+00:00", "level": "INFO", "logger": "run_demo", "message": "[step_3_load] started"}
{"timestamp": "2026-03-04T09:58:50.081317+00:00", "level": "INFO", "logger": "run_demo", "message": "[step_3_load] completed", "data": {"paths": {"load_summary": "C:\\dev\\data-migration\\artifacts\\load_summary.json", "target_dir": "C:\\dev\\data-migration\\artifacts\\target_tables"}}}
{"timestamp": "2026-03-04T09:58:50.081317+00:00", "level": "INFO", "logger": "run_demo", "message": "[step_4_validation] started"}
{"timestamp": "2026-03-04T09:58:50.845065+00:00", "level": "INFO", "logger": "run_demo", "message": "[step_4_validation] completed", "data": {"paths": {"validation_results": "C:\\dev\\data-migration\\test_results\\validation_results.json", "confidence_scores": "C:\\dev\\data-migration\\test_results\\confidence_scores.csv"}}}
{"timestamp": "2026-03-04T09:58:50.845065+00:00", "level": "INFO", "logger": "run_demo", "message": "[step_5_tests] started"}
{"timestamp": "2026-03-04T09:58:52.134617+00:00", "level": "INFO", "logger": "run_demo", "message": "[step_5_tests] completed", "data": {"total": 252, "passed": 252}}
{"timestamp": "2026-03-04T09:58:52.138088+00:00", "level": "INFO", "logger": "run_demo", "message": "[pipeline] completed", "data": {"elapsed_seconds": 20.27}}
{"timestamp": "2026-03-04T10:14:17.272399+00:00", "level": "INFO", "logger": "run_demo", "message": "[pipeline] started", "data": {"seed": 42, "platform": "redshift", "source": "mock_redshift", "conversion": "mock", "loader": "mock", "validation": "mock"}}
{"timestamp": "2026-03-04T10:14:17.272399+00:00", "level": "INFO", "logger": "run_demo", "message": "[step_1_source] started"}
{"timestamp": "2026-03-04T10:14:18.091071+00:00", "level": "INFO", "logger": "run_demo", "message": "[step_1_source] completed", "data": {"paths": {"catalog": "C:\\dev\\data-migration\\mock_data\\source_catalog.json", "query_logs": "C:\\dev\\data-migration\\mock_data\\query_logs.json"}}}
{"timestamp": "2026-03-04T10:14:18.091071+00:00", "level": "INFO", "logger": "run_demo", "message": "[step_2_conversion] started"}
{"timestamp": "2026-03-04T10:14:18.209493+00:00", "level": "INFO", "logger": "run_demo", "message": "[step_2_conversion] completed", "data": {"paths": {"conversion_report": "C:\\dev\\data-migration\\artifacts\\conversion_report.json", "transpiled_dir": "C:\\dev\\data-migration\\artifacts\\transpiled_sql"}}}
{"timestamp": "2026-03-04T10:14:18.209493+00:00", "level": "INFO", "logger": "run_demo", "message": "[step_3_load] started"}
{"timestamp": "2026-03-04T10:14:34.591614+00:00", "level": "INFO", "logger": "run_demo", "message": "[step_3_load] completed", "data": {"paths": {"load_summary": "C:\\dev\\data-migration\\artifacts\\load_summary.json", "target_dir": "C:\\dev\\data-migration\\artifacts\\target_tables"}}}
{"timestamp": "2026-03-04T10:14:34.591614+00:00", "level": "INFO", "logger": "run_demo", "message": "[step_4_validation] started"}
{"timestamp": "2026-03-04T10:14:35.472462+00:00", "level": "INFO", "logger": "run_demo", "message": "[step_4_validation] completed", "data": {"paths": {"validation_results": "C:\\dev\\data-migration\\test_results\\validation_results.json", "confidence_scores": "C:\\dev\\data-migration\\test_results\\confidence_scores.csv"}}}
{"timestamp": "2026-03-04T10:14:35.473470+00:00", "level": "INFO", "logger": "run_demo", "message": "[step_5_tests] started"}
{"timestamp": "2026-03-04T10:14:36.720455+00:00", "level": "INFO", "logger": "run_demo", "message": "[step_5_tests] completed", "data": {"total": 252, "passed": 252}}
{"timestamp": "2026-03-04T10:14:36.722478+00:00", "level": "INFO", "logger": "run_demo", "message": "[pipeline] completed", "data": {"elapsed_seconds": 19.45}}
{"timestamp": "2026-03-04T11:01:47.187617+00:00", "level": "INFO", "logger": "run_demo", "message": "[pipeline] started", "data": {"seed": 42, "platform": "snowflake", "source": "mock_snowflake", "conversion": "mock", "loader": "mock", "validation": "mock"}}
{"timestamp": "2026-03-04T11:01:47.191619+00:00", "level": "INFO", "logger": "run_demo", "message": "[step_1_source] started"}
{"timestamp": "2026-03-04T11:01:48.024685+00:00", "level": "INFO", "logger": "run_demo", "message": "[step_1_source] completed", "data": {"paths": {"catalog": "C:\\dev\\data-migration\\mock_data\\source_catalog.json", "query_logs": "C:\\dev\\data-migration\\mock_data\\query_logs.json"}}}
{"timestamp": "2026-03-04T11:01:48.024685+00:00", "level": "INFO", "logger": "run_demo", "message": "[step_2_conversion] started"}
{"timestamp": "2026-03-04T11:01:48.163342+00:00", "level": "INFO", "logger": "run_demo", "message": "[step_2_conversion] completed", "data": {"paths": {"conversion_report": "C:\\dev\\data-migration\\artifacts\\conversion_report.json", "transpiled_dir": "C:\\dev\\data-migration\\artifacts\\transpiled_sql"}}}
{"timestamp": "2026-03-04T11:01:48.164343+00:00", "level": "INFO", "logger": "run_demo", "message": "[step_3_load] started"}
{"timestamp": "2026-03-04T11:02:05.270424+00:00", "level": "INFO", "logger": "run_demo", "message": "[step_3_load] completed", "data": {"paths": {"load_summary": "C:\\dev\\data-migration\\artifacts\\load_summary.json", "target_dir": "C:\\dev\\data-migration\\artifacts\\target_tables"}}}
{"timestamp": "2026-03-04T11:02:05.271430+00:00", "level": "INFO", "logger": "run_demo", "message": "[step_4_validation] started"}
{"timestamp": "2026-03-04T11:02:06.983237+00:00", "level": "INFO", "logger": "run_demo", "message": "[step_4_validation] completed", "data": {"paths": {"validation_results": "C:\\dev\\data-migration\\test_results\\validation_results.json", "confidence_scores": "C:\\dev\\data-migration\\test_results\\confidence_scores.csv"}}}
{"timestamp": "2026-03-04T11:02:06.984239+00:00", "level": "INFO", "logger": "run_demo", "message": "[step_5_tests] started"}
{"timestamp": "2026-03-04T11:02:08.282096+00:00", "level": "INFO", "logger": "run_demo", "message": "[step_5_tests] completed", "data": {"total": 249, "passed": 249}}
{"timestamp": "2026-03-04T11:02:08.286092+00:00", "level": "INFO", "logger": "run_demo", "message": "[pipeline] completed", "data": {"elapsed_seconds": 21.09}}
{"timestamp": "2026-03-05T11:21:39.360778+00:00", "level": "INFO", "logger": "run_demo", "message": "[pipeline] started", "data": {"seed": 42, "platform": "snowflake", "source": "snowflake", "conversion": "mock", "loader": "mock", "validation": "mock"}}
{"timestamp": "2026-03-05T11:21:39.366773+00:00", "level": "INFO", "logger": "run_demo", "message": "[step_1_source] started"}
{"timestamp": "2026-03-05T11:22:30.176948+00:00", "level": "INFO", "logger": "run_demo", "message": "[pipeline] started", "data": {"seed": 42, "platform": "snowflake", "source": "snowflake", "conversion": "mock", "loader": "mock", "validation": "mock"}}
{"timestamp": "2026-03-05T11:22:30.177952+00:00", "level": "INFO", "logger": "run_demo", "message": "[step_1_source] started"}
{"timestamp": "2026-03-05T11:22:48.286912+00:00", "level": "INFO", "logger": "run_demo", "message": "[step_1_source] completed", "data": {"paths": {"catalog": "C:\\dev\\data-migration\\mock_data\\source_catalog.json", "query_logs": "C:\\dev\\data-migration\\mock_data\\query_logs.json"}}}
{"timestamp": "2026-03-05T11:22:48.287917+00:00", "level": "INFO", "logger": "run_demo", "message": "[step_2_conversion] started"}
{"timestamp": "2026-03-05T11:22:48.472422+00:00", "level": "INFO", "logger": "run_demo", "message": "[step_2_conversion] completed", "data": {"paths": {"conversion_report": "C:\\dev\\data-migration\\artifacts\\conversion_report.json", "transpiled_dir": "C:\\dev\\data-migration\\artifacts\\transpiled_sql"}}}
{"timestamp": "2026-03-05T11:22:48.472422+00:00", "level": "INFO", "logger": "run_demo", "message": "[step_3_load] started"}
{"timestamp": "2026-03-05T11:23:23.147989+00:00", "level": "INFO", "logger": "run_demo", "message": "[step_3_load] completed", "data": {"paths": {"load_summary": "C:\\dev\\data-migration\\artifacts\\load_summary.json", "target_dir": "C:\\dev\\data-migration\\artifacts\\target_tables"}}}
{"timestamp": "2026-03-05T11:23:23.147989+00:00", "level": "INFO", "logger": "run_demo", "message": "[step_4_validation] started"}
{"timestamp": "2026-03-05T11:23:25.971068+00:00", "level": "INFO", "logger": "run_demo", "message": "[step_4_validation] completed", "data": {"paths": {"validation_results": "C:\\dev\\data-migration\\test_results\\validation_results.json", "confidence_scores": "C:\\dev\\data-migration\\test_results\\confidence_scores.csv"}}}
{"timestamp": "2026-03-05T11:23:25.971068+00:00", "level": "INFO", "logger": "run_demo", "message": "[step_5_tests] started"}
{"timestamp": "2026-03-05T11:23:29.300504+00:00", "level": "INFO", "logger": "run_demo", "message": "[step_5_tests] completed", "data": {"total": 738, "passed": 738}}
{"timestamp": "2026-03-05T11:23:29.302506+00:00", "level": "INFO", "logger": "run_demo", "message": "[pipeline] completed", "data": {"elapsed_seconds": 59.12}}
{"timestamp": "2026-03-05T11:29:26.958779+00:00", "level": "INFO", "logger": "run_demo", "message": "[pipeline] started", "data": {"seed": 42, "platform": "snowflake", "source": "snowflake", "conversion": "mock", "loader": "mock", "validation": "mock"}}
{"timestamp": "2026-03-05T11:29:26.959778+00:00", "level": "INFO", "logger": "run_demo", "message": "[step_1_source] started"}
{"timestamp": "2026-03-05T11:29:41.188275+00:00", "level": "INFO", "logger": "run_demo", "message": "[step_1_source] completed", "data": {"paths": {"catalog": "C:\\dev\\data-migration\\mock_data\\source_catalog.json", "query_logs": "C:\\dev\\data-migration\\mock_data\\query_logs.json"}}}
{"timestamp": "2026-03-05T11:29:41.189285+00:00", "level": "INFO", "logger": "run_demo", "message": "[step_2_conversion] started"}
{"timestamp": "2026-03-05T11:29:41.377613+00:00", "level": "INFO", "logger": "run_demo", "message": "[step_2_conversion] completed", "data": {"paths": {"conversion_report": "C:\\dev\\data-migration\\artifacts\\conversion_report.json", "transpiled_dir": "C:\\dev\\data-migration\\artifacts\\transpiled_sql"}}}
{"timestamp": "2026-03-05T11:29:41.378618+00:00", "level": "INFO", "logger": "run_demo", "message": "[step_3_load] started"}
{"timestamp": "2026-03-05T11:30:13.233610+00:00", "level": "INFO", "logger": "run_demo", "message": "[step_3_load] completed", "data": {"paths": {"load_summary": "C:\\dev\\data-migration\\artifacts\\load_summary.json", "target_dir": "C:\\dev\\data-migration\\artifacts\\target_tables"}}}
{"timestamp": "2026-03-05T11:30:13.233610+00:00", "level": "INFO", "logger": "run_demo", "message": "[step_4_validation] started"}
{"timestamp": "2026-03-05T11:30:15.175932+00:00", "level": "INFO", "logger": "run_demo", "message": "[step_4_validation] completed", "data": {"paths": {"validation_results": "C:\\dev\\data-migration\\test_results\\validation_results.json", "confidence_scores": "C:\\dev\\data-migration\\test_results\\confidence_scores.csv"}}}
{"timestamp": "2026-03-05T11:30:15.175932+00:00", "level": "INFO", "logger": "run_demo", "message": "[step_5_tests] started"}
{"timestamp": "2026-03-05T11:30:18.079006+00:00", "level": "INFO", "logger": "run_demo", "message": "[step_5_tests] completed", "data": {"total": 738, "passed": 738}}
{"timestamp": "2026-03-05T11:30:18.081000+00:00", "level": "INFO", "logger": "run_demo", "message": "[pipeline] completed", "data": {"elapsed_seconds": 51.12}}
{"timestamp": "2026-03-05T11:33:46.278712+00:00", "level": "INFO", "logger": "run_demo", "message": "[pipeline] started", "data": {"seed": 42, "platform": "snowflake", "source": "snowflake", "conversion": "mock", "loader": "mock", "validation": "mock"}}
{"timestamp": "2026-03-05T11:33:46.278712+00:00", "level": "INFO", "logger": "run_demo", "message": "[step_1_source] started"}
{"timestamp": "2026-03-05T11:34:00.550718+00:00", "level": "INFO", "logger": "run_demo", "message": "[step_1_source] completed", "data": {"paths": {"catalog": "C:\\dev\\data-migration\\mock_data\\source_catalog.json", "query_logs": "C:\\dev\\data-migration\\mock_data\\query_logs.json"}}}
{"timestamp": "2026-03-05T11:34:00.550718+00:00", "level": "INFO", "logger": "run_demo", "message": "[step_2_conversion] started"}
{"timestamp": "2026-03-05T11:34:00.731349+00:00", "level": "INFO", "logger": "run_demo", "message": "[step_2_conversion] completed", "data": {"paths": {"conversion_report": "C:\\dev\\data-migration\\artifacts\\conversion_report.json", "transpiled_dir": "C:\\dev\\data-migration\\artifacts\\transpiled_sql"}}}
{"timestamp": "2026-03-05T11:34:00.731349+00:00", "level": "INFO", "logger": "run_demo", "message": "[step_3_load] started"}
{"timestamp": "2026-03-05T11:34:32.493742+00:00", "level": "INFO", "logger": "run_demo", "message": "[step_3_load] completed", "data": {"paths": {"load_summary": "C:\\dev\\data-migration\\artifacts\\load_summary.json", "target_dir": "C:\\dev\\data-migration\\artifacts\\target_tables"}}}
{"timestamp": "2026-03-05T11:34:32.493742+00:00", "level": "INFO", "logger": "run_demo", "message": "[step_4_validation] started"}
{"timestamp": "2026-03-05T11:34:34.456949+00:00", "level": "INFO", "logger": "run_demo", "message": "[step_4_validation] completed", "data": {"paths": {"validation_results": "C:\\dev\\data-migration\\test_results\\validation_results.json", "confidence_scores": "C:\\dev\\data-migration\\test_results\\confidence_scores.csv"}}}
{"timestamp": "2026-03-05T11:34:34.456949+00:00", "level": "INFO", "logger": "run_demo", "message": "[step_5_tests] started"}
{"timestamp": "2026-03-05T11:34:37.434185+00:00", "level": "INFO", "logger": "run_demo", "message": "[step_5_tests] completed", "data": {"total": 738, "passed": 738}}
{"timestamp": "2026-03-05T11:34:37.435187+00:00", "level": "INFO", "logger": "run_demo", "message": "[pipeline] completed", "data": {"elapsed_seconds": 51.16}}
