{"timestamp": "2026-03-07T20:12:01.599339+00:00", "level": "INFO", "logger": "snowflake_adapter", "message": "[extract_catalog] started", "data": {"database": "SNOWFLAKE_SAMPLE_DATA"}}
{"timestamp": "2026-03-07T20:12:09.155551+00:00", "level": "INFO", "logger": "snowflake_adapter", "message": "[extract_catalog] completed", "data": {"tables": 80, "columns": 1094, "constraints": 256, "procs": 0, "udfs": 0, "views": 0}}
{"timestamp": "2026-03-07T20:12:09.158831+00:00", "level": "INFO", "logger": "snowflake_adapter", "message": "[extract_query_logs] started"}
{"timestamp": "2026-03-07T20:12:12.360733+00:00", "level": "INFO", "logger": "snowflake_adapter", "message": "[extract_query_logs] completed", "data": {"entries": 2960}}
{"timestamp": "2026-03-07T20:12:12.363732+00:00", "level": "INFO", "logger": "snowflake_adapter", "message": "[save] started"}
{"timestamp": "2026-03-07T20:12:12.529429+00:00", "level": "INFO", "logger": "snowflake_adapter", "message": "[save] completed", "data": {"catalog_path": "C:\\dev\\data-migration\\artifacts\\source_catalog.json", "logs_path": "C:\\dev\\data-migration\\artifacts\\query_logs.json"}}
{"timestamp": "2026-03-07T20:38:53.856894+00:00", "level": "INFO", "logger": "snowflake_adapter", "message": "[extract_catalog] started", "data": {"database": "SNOWFLAKE_SAMPLE_DATA"}}
{"timestamp": "2026-03-07T20:39:00.928674+00:00", "level": "INFO", "logger": "snowflake_adapter", "message": "[extract_catalog] completed", "data": {"tables": 80, "columns": 1094, "constraints": 256, "procs": 0, "udfs": 0, "views": 0}}
{"timestamp": "2026-03-07T20:39:00.931699+00:00", "level": "INFO", "logger": "snowflake_adapter", "message": "[extract_query_logs] started"}
{"timestamp": "2026-03-07T20:39:04.222641+00:00", "level": "INFO", "logger": "snowflake_adapter", "message": "[extract_query_logs] completed", "data": {"entries": 2971}}
{"timestamp": "2026-03-07T20:39:04.228644+00:00", "level": "INFO", "logger": "snowflake_adapter", "message": "[save] started"}
{"timestamp": "2026-03-07T20:39:04.364681+00:00", "level": "INFO", "logger": "snowflake_adapter", "message": "[save] completed", "data": {"catalog_path": "C:\\dev\\data-migration\\artifacts\\source_catalog.json", "logs_path": "C:\\dev\\data-migration\\artifacts\\query_logs.json"}}
{"timestamp": "2026-03-07T21:01:14.648830+00:00", "level": "INFO", "logger": "snowflake_adapter", "message": "[extract_catalog] started", "data": {"database": "SNOWFLAKE_SAMPLE_DATA"}}
{"timestamp": "2026-03-07T21:01:22.546054+00:00", "level": "INFO", "logger": "snowflake_adapter", "message": "[extract_catalog] completed", "data": {"tables": 80, "columns": 1094, "constraints": 256, "procs": 0, "udfs": 0, "views": 0}}
{"timestamp": "2026-03-07T21:01:22.547060+00:00", "level": "INFO", "logger": "snowflake_adapter", "message": "[extract_query_logs] started"}
{"timestamp": "2026-03-07T21:01:25.620319+00:00", "level": "INFO", "logger": "snowflake_adapter", "message": "[extract_query_logs] completed", "data": {"entries": 2982}}
{"timestamp": "2026-03-07T21:01:25.624321+00:00", "level": "INFO", "logger": "snowflake_adapter", "message": "[save] started"}
{"timestamp": "2026-03-07T21:01:25.793853+00:00", "level": "INFO", "logger": "snowflake_adapter", "message": "[save] completed", "data": {"catalog_path": "C:\\dev\\data-migration\\artifacts\\source_catalog.json", "logs_path": "C:\\dev\\data-migration\\artifacts\\query_logs.json"}}
{"timestamp": "2026-03-08T06:54:16.690787+00:00", "level": "INFO", "logger": "snowflake_adapter", "message": "[extract_catalog] started", "data": {"database": "SNOWFLAKE_SAMPLE_DATA"}}
{"timestamp": "2026-03-08T06:54:29.442452+00:00", "level": "INFO", "logger": "snowflake_adapter", "message": "[extract_catalog] completed", "data": {"tables": 80, "columns": 1094, "constraints": 256, "procs": 0, "udfs": 0, "views": 0}}
{"timestamp": "2026-03-08T06:54:29.443455+00:00", "level": "INFO", "logger": "snowflake_adapter", "message": "[extract_query_logs] started"}
{"timestamp": "2026-03-08T06:54:33.451481+00:00", "level": "INFO", "logger": "snowflake_adapter", "message": "[extract_query_logs] completed", "data": {"entries": 3043}}
{"timestamp": "2026-03-08T06:54:33.455461+00:00", "level": "INFO", "logger": "snowflake_adapter", "message": "[save] started"}
{"timestamp": "2026-03-08T06:54:33.545010+00:00", "level": "INFO", "logger": "snowflake_adapter", "message": "[save] completed", "data": {"catalog_path": "C:\\dev\\data-migration\\artifacts\\source_catalog.json", "logs_path": "C:\\dev\\data-migration\\artifacts\\query_logs.json"}}
{"timestamp": "2026-03-08T07:09:47.524757+00:00", "level": "INFO", "logger": "snowflake_adapter", "message": "[extract_catalog] started", "data": {"database": "SNOWFLAKE_SAMPLE_DATA"}}
{"timestamp": "2026-03-08T07:09:57.124906+00:00", "level": "INFO", "logger": "snowflake_adapter", "message": "[extract_catalog] completed", "data": {"tables": 80, "columns": 1094, "constraints": 256, "procs": 0, "udfs": 0, "views": 0}}
{"timestamp": "2026-03-08T07:09:57.126918+00:00", "level": "INFO", "logger": "snowflake_adapter", "message": "[extract_query_logs] started"}
{"timestamp": "2026-03-08T07:10:00.314497+00:00", "level": "INFO", "logger": "snowflake_adapter", "message": "[extract_query_logs] completed", "data": {"entries": 3059}}
{"timestamp": "2026-03-08T07:10:00.317494+00:00", "level": "INFO", "logger": "snowflake_adapter", "message": "[save] started"}
{"timestamp": "2026-03-08T07:10:00.471072+00:00", "level": "INFO", "logger": "snowflake_adapter", "message": "[save] completed", "data": {"catalog_path": "C:\\dev\\data-migration\\artifacts\\source_catalog.json", "logs_path": "C:\\dev\\data-migration\\artifacts\\query_logs.json"}}
{"timestamp": "2026-03-08T11:05:23.824403+00:00", "level": "INFO", "logger": "snowflake_adapter", "message": "[extract_catalog] started", "data": {"database": "SNOWFLAKE_SAMPLE_DATA"}}
{"timestamp": "2026-03-08T11:05:41.286749+00:00", "level": "INFO", "logger": "snowflake_adapter", "message": "[extract_catalog] completed", "data": {"tables": 80, "columns": 1094, "constraints": 256, "procs": 0, "udfs": 0, "views": 0}}
{"timestamp": "2026-03-08T11:05:41.289756+00:00", "level": "INFO", "logger": "snowflake_adapter", "message": "[extract_query_logs] started"}
{"timestamp": "2026-03-08T11:05:45.970987+00:00", "level": "INFO", "logger": "snowflake_adapter", "message": "[extract_query_logs] completed", "data": {"entries": 3088}}
{"timestamp": "2026-03-08T11:05:45.987020+00:00", "level": "INFO", "logger": "snowflake_adapter", "message": "[save] started"}
{"timestamp": "2026-03-08T11:05:46.230836+00:00", "level": "INFO", "logger": "snowflake_adapter", "message": "[save] completed", "data": {"catalog_path": "C:\\dev\\data-migration\\artifacts\\source_catalog.json", "logs_path": "C:\\dev\\data-migration\\artifacts\\query_logs.json"}}
